# Logfile created on 2014-02-06 17:15:46 +0100 by logger.rb/44203
I, [2014-02-06T17:15:46.911310 #43754]  INFO -- : 0:  rake (10.1.1) from /Users/serkan/.rvm/gems/ruby-2.1.0/specifications/rake-10.1.1.gemspec
I, [2014-02-06T17:15:46.911652 #43754]  INFO -- : 0:  i18n (0.6.9) from /Users/serkan/.rvm/gems/ruby-2.1.0/specifications/i18n-0.6.9.gemspec
I, [2014-02-06T17:15:46.911904 #43754]  INFO -- : 0:  minitest (4.7.5) from /Users/serkan/.rvm/rubies/ruby-2.1.0/lib/ruby/gems/2.1.0/specifications/default/minitest-4.7.5.gemspec
I, [2014-02-06T17:15:46.912155 #43754]  INFO -- : 0:  multi_json (1.8.4) from /Users/serkan/.rvm/gems/ruby-2.1.0/specifications/multi_json-1.8.4.gemspec
I, [2014-02-06T17:15:46.912403 #43754]  INFO -- : 0:  atomic (1.1.14) from /Users/serkan/.rvm/gems/ruby-2.1.0/specifications/atomic-1.1.14.gemspec
I, [2014-02-06T17:15:46.912646 #43754]  INFO -- : 0:  thread_safe (0.1.3) from /Users/serkan/.rvm/gems/ruby-2.1.0/specifications/thread_safe-0.1.3.gemspec
I, [2014-02-06T17:15:46.912888 #43754]  INFO -- : 0:  tzinfo (0.3.38) from /Users/serkan/.rvm/gems/ruby-2.1.0/specifications/tzinfo-0.3.38.gemspec
I, [2014-02-06T17:15:46.913137 #43754]  INFO -- : 0:  activesupport (4.0.2) from /Users/serkan/.rvm/gems/ruby-2.1.0/specifications/activesupport-4.0.2.gemspec
I, [2014-02-06T17:15:46.913379 #43754]  INFO -- : 0:  builder (3.1.4) from /Users/serkan/.rvm/gems/ruby-2.1.0/specifications/builder-3.1.4.gemspec
I, [2014-02-06T17:15:46.913599 #43754]  INFO -- : 0:  erubis (2.7.0) from /Users/serkan/.rvm/gems/ruby-2.1.0/specifications/erubis-2.7.0.gemspec
I, [2014-02-06T17:15:46.913803 #43754]  INFO -- : 0:  rack (1.5.2) from /Users/serkan/.rvm/gems/ruby-2.1.0/specifications/rack-1.5.2.gemspec
I, [2014-02-06T17:15:46.914015 #43754]  INFO -- : 0:  rack-test (0.6.2) from /Users/serkan/.rvm/gems/ruby-2.1.0/specifications/rack-test-0.6.2.gemspec
I, [2014-02-06T17:15:46.914259 #43754]  INFO -- : 0:  actionpack (4.0.2) from /Users/serkan/.rvm/gems/ruby-2.1.0/specifications/actionpack-4.0.2.gemspec
I, [2014-02-06T17:15:46.914502 #43754]  INFO -- : 0:  mime-types (1.25.1) from /Users/serkan/.rvm/gems/ruby-2.1.0/specifications/mime-types-1.25.1.gemspec
I, [2014-02-06T17:15:46.914723 #43754]  INFO -- : 0:  polyglot (0.3.3) from /Users/serkan/.rvm/gems/ruby-2.1.0/specifications/polyglot-0.3.3.gemspec
I, [2014-02-06T17:15:46.914953 #43754]  INFO -- : 0:  treetop (1.4.15) from /Users/serkan/.rvm/gems/ruby-2.1.0/specifications/treetop-1.4.15.gemspec
I, [2014-02-06T17:15:46.915132 #43754]  INFO -- : 0:  mail (2.5.4) from /Users/serkan/.rvm/gems/ruby-2.1.0/specifications/mail-2.5.4.gemspec
I, [2014-02-06T17:15:46.915321 #43754]  INFO -- : 0:  actionmailer (4.0.2) from /Users/serkan/.rvm/gems/ruby-2.1.0/specifications/actionmailer-4.0.2.gemspec
I, [2014-02-06T17:15:46.915510 #43754]  INFO -- : 0:  activemodel (4.0.2) from /Users/serkan/.rvm/gems/ruby-2.1.0/specifications/activemodel-4.0.2.gemspec
I, [2014-02-06T17:15:46.915699 #43754]  INFO -- : 0:  activerecord-deprecated_finders (1.0.3) from /Users/serkan/.rvm/gems/ruby-2.1.0/specifications/activerecord-deprecated_finders-1.0.3.gemspec
I, [2014-02-06T17:15:46.915891 #43754]  INFO -- : 0:  arel (4.0.1) from /Users/serkan/.rvm/gems/ruby-2.1.0/specifications/arel-4.0.1.gemspec
I, [2014-02-06T17:15:46.916085 #43754]  INFO -- : 0:  activerecord (4.0.2) from /Users/serkan/.rvm/gems/ruby-2.1.0/specifications/activerecord-4.0.2.gemspec
I, [2014-02-06T17:15:46.916275 #43754]  INFO -- : 0:  bcrypt-ruby (3.1.2) from /Users/serkan/.rvm/gems/ruby-2.1.0/specifications/bcrypt-ruby-3.1.2.gemspec
I, [2014-02-06T17:15:46.916452 #43754]  INFO -- : 0:  bundler (1.5.1) from /Users/serkan/.rvm/gems/ruby-2.1.0@global/specifications/bundler-1.5.1.gemspec
I, [2014-02-06T17:15:46.916644 #43754]  INFO -- : 0:  coffee-script-source (1.6.3) from /Users/serkan/.rvm/gems/ruby-2.1.0/specifications/coffee-script-source-1.6.3.gemspec
I, [2014-02-06T17:15:46.916829 #43754]  INFO -- : 0:  execjs (2.0.2) from /Users/serkan/.rvm/gems/ruby-2.1.0/specifications/execjs-2.0.2.gemspec
I, [2014-02-06T17:15:46.917019 #43754]  INFO -- : 0:  coffee-script (2.2.0) from /Users/serkan/.rvm/gems/ruby-2.1.0/specifications/coffee-script-2.2.0.gemspec
I, [2014-02-06T17:15:46.917217 #43754]  INFO -- : 0:  thor (0.18.1) from /Users/serkan/.rvm/gems/ruby-2.1.0/specifications/thor-0.18.1.gemspec
I, [2014-02-06T17:15:46.917409 #43754]  INFO -- : 0:  railties (4.0.2) from /Users/serkan/.rvm/gems/ruby-2.1.0/specifications/railties-4.0.2.gemspec
I, [2014-02-06T17:15:46.917595 #43754]  INFO -- : 0:  coffee-rails (4.0.1) from /Users/serkan/.rvm/gems/ruby-2.1.0/specifications/coffee-rails-4.0.1.gemspec
I, [2014-02-06T17:15:46.917782 #43754]  INFO -- : 0:  orm_adapter (0.5.0) from /Users/serkan/.rvm/gems/ruby-2.1.0/specifications/orm_adapter-0.5.0.gemspec
I, [2014-02-06T17:15:46.917969 #43754]  INFO -- : 0:  warden (1.2.3) from /Users/serkan/.rvm/gems/ruby-2.1.0/specifications/warden-1.2.3.gemspec
I, [2014-02-06T17:15:46.918152 #43754]  INFO -- : 0:  devise (3.2.2) from /Users/serkan/.rvm/gems/ruby-2.1.0/specifications/devise-3.2.2.gemspec
I, [2014-02-06T17:15:46.918333 #43754]  INFO -- : 0:  hike (1.2.3) from /Users/serkan/.rvm/gems/ruby-2.1.0/specifications/hike-1.2.3.gemspec
I, [2014-02-06T17:15:46.918524 #43754]  INFO -- : 0:  jbuilder (1.5.3) from /Users/serkan/.rvm/gems/ruby-2.1.0/specifications/jbuilder-1.5.3.gemspec
I, [2014-02-06T17:15:46.918715 #43754]  INFO -- : 0:  jquery-rails (3.0.4) from /Users/serkan/.rvm/gems/ruby-2.1.0/specifications/jquery-rails-3.0.4.gemspec
I, [2014-02-06T17:15:47.156337 #43754]  INFO -- : 0:  jquery-datatables-rails (1.12.2) from /Users/serkan/.rvm/gems/ruby-2.1.0/bundler/gems/jquery-datatables-rails-44b0448193d4/jquery-datatables-rails.gemspec
I, [2014-02-06T17:15:47.156617 #43754]  INFO -- : 0:  jquery-ui-rails (4.1.1) from /Users/serkan/.rvm/gems/ruby-2.1.0/specifications/jquery-ui-rails-4.1.1.gemspec
I, [2014-02-06T17:15:47.156813 #43754]  INFO -- : 0:  json (1.8.1) from /Users/serkan/.rvm/rubies/ruby-2.1.0/lib/ruby/gems/2.1.0/specifications/default/json-1.8.1.gemspec
I, [2014-02-06T17:15:47.157011 #43754]  INFO -- : 0:  tilt (1.4.1) from /Users/serkan/.rvm/gems/ruby-2.1.0/specifications/tilt-1.4.1.gemspec
I, [2014-02-06T17:15:47.157216 #43754]  INFO -- : 0:  sprockets (2.10.1) from /Users/serkan/.rvm/gems/ruby-2.1.0/specifications/sprockets-2.10.1.gemspec
I, [2014-02-06T17:15:47.157436 #43754]  INFO -- : 0:  sprockets-rails (2.0.1) from /Users/serkan/.rvm/gems/ruby-2.1.0/specifications/sprockets-rails-2.0.1.gemspec
I, [2014-02-06T17:15:47.157693 #43754]  INFO -- : 0:  rails (4.0.2) from /Users/serkan/.rvm/gems/ruby-2.1.0/specifications/rails-4.0.2.gemspec
I, [2014-02-06T17:15:47.157943 #43754]  INFO -- : 0:  rdoc (4.1.1) from /Users/serkan/.rvm/gems/ruby-2.1.0/specifications/rdoc-4.1.1.gemspec
I, [2014-02-06T17:15:47.158194 #43754]  INFO -- : 0:  sass (3.2.13) from /Users/serkan/.rvm/gems/ruby-2.1.0/specifications/sass-3.2.13.gemspec
I, [2014-02-06T17:15:47.158440 #43754]  INFO -- : 0:  sass-rails (4.0.1) from /Users/serkan/.rvm/gems/ruby-2.1.0/specifications/sass-rails-4.0.1.gemspec
I, [2014-02-06T17:15:47.158688 #43754]  INFO -- : 0:  sdoc (0.4.0) from /Users/serkan/.rvm/gems/ruby-2.1.0/specifications/sdoc-0.4.0.gemspec
I, [2014-02-06T17:15:47.158922 #43754]  INFO -- : 0:  sqlite3 (1.3.8) from /Users/serkan/.rvm/gems/ruby-2.1.0/specifications/sqlite3-1.3.8.gemspec
I, [2014-02-06T17:15:47.159177 #43754]  INFO -- : 0:  uglifier (2.4.0) from /Users/serkan/.rvm/gems/ruby-2.1.0/specifications/uglifier-2.4.0.gemspec
